altay
tariq-class
j-16
uss-o-brien-dd-415
asn-229a
benham-class
rq-7-shadow
t30
ch-3a
ld-2000
ah-64e-apache-guardian
k1a1
electric-power-plant-egpe
bqm-168
hero-120
fh-95-leijiu
m10-general-sheridan
bergamini-class
sikorsky-s-61t
dji-inspire-2
sargo
avic-nauru
rim-116-rolling-airframe-missile
utap-22-mako
ada-class
t29
paulding-class
fl-3000
fremm-frigate
ld-2000
m1126-stryker-icv
j-20
hero-400ec
sikorsky-ah-2
an-mpq-50
seawolf
j-11b
fv215b
s-400-triumph
s-400tdm
chengdu-j-10c
zala-lancet-1
patriot-oe-349g
uss-conyngham-dd-58
bayraktar-kizilelma
sina-class
m1074-joint-assault-bridge
type-054a-b
s-400-air-defense-missile-system
ah-64b-apache-proposed
t-34-85-modernized
mim-104-patriot-with-m903-semr
s-500-fighter-variant
m1123-hmmwv
m88a2-hercules
tu-95k
m7-bfist
uss-farragut-dd-300
9k317m-buk-m3
sokol-v-10
borei-class-submarine
hal-tejas-mk1a
m1134-anti-tank-guided-missile-vehicle
corvette-140
tai-anka
fb-111-aardvark
ch-3a
k9-thunder
h-6m
s-400aatvem
mikoyan-mig-35
an-upg-49
m142-himars
s-400tpve
m1068-command-vehicle
regulus-i-regulus
m777-howitzer
m1129-mortar-carrier
patriot-ecs-oe-349
patriot-msq-104
mim-146-hawk
pp-19b
b-66-destroyer
type-88
dji-phantom-4-rtk
an-tps-75
m1068a3-carrier-command-post
m106-mortar-carrier
patriot-m903-launching-station
patriot-configuration-2
mim-72-chaparral
gj-11-sharp-sword
tu-20
switchblade-600
ah-64a-apache
s-400-duga
ah-1z-viper
tai-anka-3-loitering-variant
j-16
puma-le
wing-loong-ii
pohang-class
leopard-2av
narwhal-ssn-671
leopard-2a6
t30
patriot-m901-w-pac-3
an-mpq-53
sagem-sperwer
m1a1-abrams
hongqi-16fe
freedom-class
bmm-1
an-msq-104-v-2
electric-power-plant-egpe
t-80uk
rb-47
warrington-class
firebird
leopard-1a1
s-400tpvm
shivalik-class
a2d-skyshark
saab-jas-39-gripen-e
standard-missile-3
choe-yeong-class
tigre-hm4
type-052d-destroyer
caig-wing-loong-1
m1a2-abrams
mi-35-hind-e
s-300pmu
uss-kentucky
z-19e
hal-lch
benson-class
m1113-expanded-capacity-vehicle
leopard-2a4
su-30mka
stm-kargu
m985-heavy-expanded-mobility-tactical-truck
uss-maine
t-64a
rim-156-standard
an-spy-1
euro-hawk
leopard-1a3
harbin-z-10me
a-12-avenger-ii
uss-davis-dd-65
benham-class
s-400aatdvem
newport
h-6e
zala-tachyon
challenger-1
an-tps-80
b-88
j-11bg
xq-58a-valkyrie
mi-24-hind
type-59
9k37-buk-m1
patriot-an-mpq-39
t-72a
northrop-grumman-x-47b
m1130-stryker-cv
kai-kf-21-boramae
azmat-class
uss-narwhal-ssn-671
mi-28n
s-400-triumf-sa-21-growler
sachsen-class
boeing-airpower-teaming-system
t-64bv
m1076-pls-dolly
m1135-nbcrv
fm-3000
mim-104-patriot
m1132-esv
orbiter-3
dji-agras-t30
challenger-2
m1088-hemtt
nns-aradu
rim-161-standard
trident
yasen
uss-florida
sk-105-k-rassier
tu-95-bear
t-72ba
t-80b
northrop-xb-35
j-31
sejong-the-great-class
iui-harpy-ng
chieftain
tu-22kd
lawrence-class-submarine
t-72b3
zala-421-08
northrop-yb-35
t-90m
zala-gyrfalcon
vickers-main-battle-tank
harbin-z-19
iai-harpy
charles-f-adams-class
t-72m1
forpost
rq-170-sentinel
type-96
f-15ex-eagle-ii
b-36g
meko-a-200
su-35
gowind-class
t-72
vn1
rq-35-heidrun
m1116-hmmwv
patriot-an-tvs-4
hyman-g-rickover
tu-160-blackjack
kamorta-class-corvette
gearing-class-destroyer
t-72m4cz
al-jubail-class
m41-walker-bulldog-recon-variant
tariq-class
aegis-combat-system
9k720-iskander-m
uss-sampson
ch-803
de-grasse-class
neuron
t-72b
iai-rotem-l
uss-o-brien-dd-415
mi-25-hind-d
t34-heavy-tank
dassault-rafale
an-twq-1-avenger
daegu-class
t-80bv
allen-m-sumner-class
shrike-vtol
bell-uh-1y-venom
rajput-class
mim-23-hawk
kazan-class-yasen-m
khukri-class
uj-25-skyline
t-80u
amx-international-amx
jouett-class-airship
aerovironment-raven-b
patriot-an-tpy-2
t77
patriot-cite-ii
halibut-uss-ssgn-587
t-14-armata
joint-light-tactical-vehicle
delta-iii
ch-53e-gunship-variant-super-stallion
fl-3000n
avic-caihong-3
caic-wz-5
s-70-okhotnik
patriot-pac-2
nord-1500-griffon
t-90a
mi-35m-super-hind
patriot-joint-tactical-ground-station-jtags
s-400dv
an-tps-43
type-051c-class
rim-7-sea-sparrow
asashio-class
s-400-tpm
type-59-ii
of-40
an-tpq-36
mh-6m-little-bird
bell-509-kingcobra
hero-30
s-400-atvm-s
nasams-3
an-mpq-64f1
type-59-i
rq-16-mav
forrest-sherman-class
orbiter-2
dji-matrice-300-rtk
standard-missile-6-sm-6
anka-3k
patriot-configuration-3-pac-3-cri
hq-19
type-59-iia
steregushchiy-class
m1126-stryker-rv
ah-56-cheyenne
spruance-class
m1025a2-hmmwv
sa-ar-6-class
oshkosh-fmtv
ka-52-alligator
type-69-ii
orlan-10
b-57-canberra
uss-porter-dd-978
shahed-141
an-mpq-65
sepecat-jaguar
m1137-stryker-atgm
type-79
seadragon
irbis-p
qiang-hong-3
m1070-het
norfolk-class
s-400aadvem
sperwer-x
skylark-i
chukavin-uav
type-88a
columbia
sealion-ii
uss-tingey-dd-53
tupolev-oktyabr
daring-class
aerovironment-black-hornet-3
skipjack
type-69-iia
aw129d-mangusta
county-class-county-class-unmanned-aircraft-system
patriot-m901-launching-station-w-pac-2
uss-pennsylvania-ssbn-735
su-35s
admiral-scheer
b-52-stratofortress
cassin-class
ethan-allen
type-69
ah-64e-apache-guardian
conyngham-class
uss-cushing-dd-55
uss-bagley
m1138-stryker-ssv
patriot-pac-3
bmm-2
b-2-spirit
type-88b
bqm-168
brandenburg-class
hal-rudra
fh-901
type-052b-class
hq-9
permit-class-submarine
type-99
carabiniere-class
rq-23-tiger-shark
eleron-3
piper-pa-20-pacer
patriot-advanced-capability-3-missile-segment-enhancement
m48-chaparral
uss-rhode-island
bayraktar-tb1
b-1b-lancer
type-99a
douglas-db-7
m1089-hemtt-wrecker
m1101-trailer
type-052-class
tupolev-tu-22m-backfire
bqm-167-skeeter
rim-24-tartar
orion-e
merkava-mk-1
ah-6m-attack-helicopter
pac-3
s-400dm
pchela-1t
a-20-havoc
uss-nevada
patriot-rci-reconnaissance-control-interface
scaneagle
merkava
su-30sm
tu-85
rim-67-standard-missile
bayraktar-tb3
uss-alabama-ssbn-731
ah-249
eleron-10
hq-16
altay
m903-w-pac-3-missile-segment
pt-76-floating-tank
s-400-tdvem
patriot-advancedcapability-2-pac-2
pp-19a
mim-104a
aksungur-kamikaze-payload
boeing-b-47-stratojet
stridsvagn-103
uss-benham
b-32-dominator
an-mpq-68
jh-9a
tu-142
bayraktar-quadcopter-2
patriot-an-frc-119
uss-mahan-dd-102
tr-125
t-54
eidolon
uss-rowan-dd-64
palletized-load-system
zumwalt-class-destroyer
surveyor
ch-3-rainbow
mq-9-reaper
t-62
panavia-tornado-ecr
bayraktar-tb2
o-brien-class-destroyer
bagley-class
uss-alaska
aerovironment-wasp-ae
eads-barracuda
ch-802
t-55
s-400-triumf
w-3pl-g-uszec
trishul-class
uss-georgia
z-9w
patriot-an-tvs-5
t-44
mi-28ne-export-version
m41-walker-bulldog
tu-16sp
patriot-communications-relay-group-crg
t-90
m1ip
georges-leygues-class
an-tps-78
patriot-engagement-control-station-ecs
ulsan-class
amx-40
zulfiquar-class
m60a1
black-hornet-2
izdeliye-30
kolkata-class-destroyer
a129-mangusta
wing-loong-i
sigma-class-corvette
m551-sheridan
aerovironment-pocket-falcon
fubuki-class-destroyer
luna-x-2000
su-25sm
f-16-block-70
cummings-class-destroyer
zala-kub-m
crg-as-1769b
type-62-light-tank
s-400p
constellation-class
orlan-10-kamikaze-mod
ah-1t-seacobra
m1045-hmmwv-tow
su-24mr
thresher
m109-paladin
m103
m1126-stryker
mi-6
uss-west-virginia
ssbn-project-667bdrm-delfin
hal-prachand
saber
amx-32
flor-al-class
rq-21-blackjack
m60-patton
bozdo-an-merlin
aerovironment-ghost
patriot-an-mpq-65a-aesa
m1157-heavy-dump-truck
t95-medium-tank
patriot-msq-104e2
f-a-18e-super-hornet
fv101-scorpion
m1082-lmtv-trailer
babur-class-cruise-missile
acv-15
an-mpq-65-radar-set
patriot-gtss
b-36-peacemaker
braunschweig-class
object-187
iai-harop
f-15se-silent-eagle
tai-anka-3
rq-9a-reaper
casc-rainbow
dassault-mirage-2000-5
m60a3
north-american-aj-savage
yb-49
pt-76
orizzonte-class
ise-class-destroyer
a-29-hudson
s-400aadm
h-20
m1064-mortar-carrier
f-16v
m1043-hmmwv-tow
wz-111
an-mpq-64-sentinel
mq-25-stingray
caig-wing-loong-10
s-400tdv
tullibee
rq-12a-wasp
an-tps-59
aerovironment-jump-20
jagdpanzer-iv
rq-2-pioneer
sealion
aerovironment-blackwing
patriot-electric-power-plant-ppp-19
patriot-m903-integrated-fire-control
mig-31bm
uss-nebraska
h-6k
kanonenjagdpanzer
cloud-shadow
sikorsky-s-67-blackhawk
alps-class
asn-229a
akinci
sukhoi-su-75-checkmate
uss-dunlap-class-destroyer
an-spg-62
jagdpanzer-38-t
victor-i
ch-901
rq-7-shadow
t-72m
s-400atpvem
patriot-m902-launcher
night-hunter
m1134-stryker-atgm
jagdpanther
playstation-2
buk-m2
wz-122
k1a1
rq-20-puma
sukhoi-su-57
type-096
su-100
mitsubishi-f-2
patriot-training-simulator-tss
eads-harfang
patriot-asoc-x-integration-variant
b-24-liberator
rq-180
ka-52k-katran
s-400pv
m1097-heavy-hmmwv
is-7
z-11wb
bremen-class
sindhughosh
lockheed-p2v-neptune
s-400
ch-5-rainbow
t129-atak
t-55a
su-33
tu-22-blinder
orlan-30
iai-taipod
uj-22-airborne
skylark-iii
convair-b-58-hustler
tigre-had
s-300ps
t-10m
triumf
patriot-an-mpq-47
ah-1j-seacobra
rq-4-global-hawk
9k330-tor-m1
a-5-vigilante
ka-50-black-shark
patriot-an-mpq-53-v
jouett-class-airship
j-20
orbiter-3
harbin-z-10me
ch-3a
akinci
skylark-i
northrop-grumman-x-47b
an-tpq-36
m7-bfist
palletized-load-system
gj-11-sharp-sword
s-400atpvem
iai-harpy
aw129d-mangusta
boeing-airpower-teaming-system
m1126-stryker-rv
bagley-class
fb-111-aardvark
rq-20-puma
puma-le
meko-a-200
ethan-allen
m1088-hemtt
b-57-canberra
an-upg-49
uss-georgia
rq-180
an-mpq-53
kamorta-class-corvette
b-2-spirit
t-80b
qiang-hong-3
mim-146-hawk
m1ip
s-400
ch-803
warrington-class
carabiniere-class
zala-421-08
sealion-ii
patriot-m903-launching-station
izdeliye-30
skylark-iii
choe-yeong-class
an-twq-1-avenger
b-1b-lancer
forpost
county-class-county-class-unmanned-aircraft-system
ah-1z-viper
su-25sm
9k330-tor-m1
sikorsky-ah-2
z-19e
vn1
orion-e
conyngham-class
narwhal-ssn-671
ada-class
m1045-hmmwv-tow
rim-156-standard
patriot-rci-reconnaissance-control-interface
s-400-triumph
al-jubail-class
hal-rudra
an-msq-104-v-2
fremm-frigate
ssbn-project-667bdrm-delfin
newport
sina-class
hq-16
neuron
eleron-3
saab-jas-39-gripen-e
patriot-an-mpq-65a-aesa
an-mpq-50
type-59
m1123-hmmwv
boeing-b-47-stratojet
m1a1-abrams
allen-m-sumner-class
m1089-hemtt-wrecker
acv-15
s-300pmu
zala-lancet-1
mi-28n
hal-tejas-mk1a
uss-mahan-dd-102
amx-international-amx
leopard-1a1
pac-3
m985-heavy-expanded-mobility-tactical-truck
casc-rainbow
t-34-85-modernized
m1132-esv
s-400aatvem
mq-9-reaper
delta-iii
m1a2-abrams
tu-85
a-12-avenger-ii
a-29-hudson
9k317m-buk-m3
uss-florida
eads-barracuda
patriot-ecs-oe-349
leopard-2a4
mi-35m-super-hind
pt-76-floating-tank
j-11bg
s-400tdv
k9-thunder
chieftain
an-tps-75
mi-28ne-export-version
leopard-1a3
of-40
uss-benham
kai-kf-21-boramae
aerovironment-blackwing
m1068-command-vehicle
harbin-z-19
switchblade-600
ulsan-class
challenger-1
rq-16-mav
eidolon
asn-229a
m1135-nbcrv
pp-19b
su-35
pohang-class
sigma-class-corvette
t-72a
steregushchiy-class
bayraktar-tb2
rim-161-standard
rq-7-shadow
mim-72-chaparral
tu-160-blackjack
hongqi-16fe
crg-as-1769b
t-64bv
orlan-10
w-3pl-g-uszec
j-31
k1a1
j-16
uss-sampson
firebird
m109-paladin
lockheed-p2v-neptune
irbis-p
challenger-2
t-90m
patriot-communications-relay-group-crg
t30
dassault-rafale
tigre-hm4
flor-al-class
t-72ba
columbia
m60a1
type-96
uj-22-airborne
electric-power-plant-egpe
khukri-class
m1113-expanded-capacity-vehicle
f-a-18e-super-hornet
t-72b3
patriot-m901-launching-station-w-pac-2
fubuki-class-destroyer
rq-35-heidrun
rq-4-global-hawk
hal-lch
patriot-cite-ii
euro-hawk
iai-harop
t-72m1
ah-64e-apache-guardian
constellation-class
tariq-class
bergamini-class
t-64a
patriot-pac-2
zala-tachyon
yb-49
bqm-168
t-72
uss-o-brien-dd-415
mi-6
sikorsky-s-61t
s-400aatdvem
asashio-class
patriot-an-mpq-39
m1043-hmmwv-tow
rq-23-tiger-shark
t-72m4cz
bozdo-an-merlin
aerovironment-raven-b
fl-3000
mi-24-hind
nasams-3
sachsen-class
aerovironment-jump-20
t-72b
douglas-db-7
babur-class-cruise-missile
fl-3000n
uss-narwhal-ssn-671
patriot-oe-349g
anka-3k
dji-agras-t30
h-6k
t-80bv
ah-6m-attack-helicopter
tai-anka-3
s-400dv
ah-64b-apache-proposed
fm-3000
oshkosh-fmtv
tu-95-bear
an-spg-62
t-80u
ise-class-destroyer
su-30sm
uss-farragut-dd-300
mh-6m-little-bird
m1137-stryker-atgm
lawrence-class-submarine
yasen
m1134-stryker-atgm
t-14-armata
an-mpq-64-sentinel
m903-w-pac-3-missile-segment
orbiter-2
tai-anka
iui-harpy-ng
charles-f-adams-class
chukavin-uav
mitsubishi-f-2
t-90a
b-32-dominator
sealion
ah-56-cheyenne
s-400tpve
vickers-main-battle-tank
skipjack
gowind-class
type-59-ii
m1097-heavy-hmmwv
cloud-shadow
tr-125
b-66-destroyer
uss-porter-dd-978
cassin-class
b-36g
gearing-class-destroyer
su-33
type-59-i
panavia-tornado-ecr
ch-901
m1070-het
patriot-configuration-2
hyman-g-rickover
de-grasse-class
bmm-2
type-59-iia
s-300ps
s-400-triumf
buk-m2
uss-tingey-dd-53
tai-anka-3-loitering-variant
9k720-iskander-m
permit-class-submarine
daegu-class
patriot-an-mpq-53-v
type-69-ii
tu-16sp
eads-harfang
uss-pennsylvania-ssbn-735
patriot-m901-w-pac-3
t34-heavy-tank
bayraktar-tb1
uj-25-skyline
sargo
type-79
zulfiquar-class
bremen-class
uss-cushing-dd-55
t-80uk
kazan-class-yasen-m
rim-24-tartar
joint-light-tactical-vehicle
rim-116-rolling-airframe-missile
type-88a
aerovironment-pocket-falcon
brandenburg-class
orlan-30
a2d-skyshark
halibut-uss-ssgn-587
nord-1500-griffon
scaneagle
type-69-iia
s-400p
patriot-an-mpq-47
piper-pa-20-pacer
uss-kentucky
s-70-okhotnik
eleron-10
type-69
s-400-tpm
m1126-stryker
hero-120
type-052-class
uss-maine
aksungur-kamikaze-payload
rim-7-sea-sparrow
an-mpq-64f1
type-88b
rq-21-blackjack
paulding-class
benham-class
s-400dm
s-400-atvm-s
patriot-an-frc-119
hq-19
type-99
m1082-lmtv-trailer
rim-67-standard-missile
azmat-class
patriot-configuration-3-pac-3-cri
ch-3-rainbow
f-15se-silent-eagle
type-99a
s-400-tdvem
mim-104-patriot
sa-ar-6-class
ch-802
merkava-mk-1
orizzonte-class
an-mpq-68
trident
sepecat-jaguar
t-44
mq-25-stingray
merkava
uss-rowan-dd-64
sejong-the-great-class
sperwer-x
an-tps-78
altay
rq-2-pioneer
o-brien-class-destroyer
zala-gyrfalcon
wing-loong-i
aerovironment-black-hornet-3
sikorsky-s-67-blackhawk
t-54
trishul-class
f-15ex-eagle-ii
b-52-stratofortress
zala-kub-m
t-62
victor-i
t-90
patriot-an-tvs-4
thresher
patriot-pac-3
t-55
playstation-2
black-hornet-2
aegis-combat-system
hq-9
amx-32
m41-walker-bulldog
patriot-training-simulator-tss
luna-x-2000
mi-25-hind-d
uss-rhode-island
t95-medium-tank
amx-40
z-11wb
orlan-10-kamikaze-mod
bqm-167-skeeter
mim-23-hawk
braunschweig-class
m551-sheridan
tu-22-blinder
uss-west-virginia
t77
uss-nevada
north-american-aj-savage
type-62-light-tank
aerovironment-ghost
triumf
caic-wz-5
ah-249
f-16v
m103
fh-95-leijiu
type-051c-class
an-mpq-65-radar-set
pp-19a
an-tps-59
utap-22-mako
m60-patton
rq-9a-reaper
hero-30
uss-nebraska
bayraktar-quadcopter-2
fv101-scorpion
t29
dji-matrice-300-rtk
s-400aadm
uss-dunlap-class-destroyer
surveyor
object-187
s-400tdm
caig-wing-loong-10
aerovironment-wasp-ae
m1025a2-hmmwv
night-hunter
pt-76
type-054a-b
patriot-electric-power-plant-ppp-19
an-mpq-65
patriot-an-tvs-5
type-096
wz-111
tu-95k
alps-class
s-400aadvem
patriot-engagement-control-station-ecs
s-400pv
jagdpanzer-iv
corvette-140
t-72m
daring-class
a129-mangusta
t129-atak
kanonenjagdpanzer
wz-122
mikoyan-mig-35
admiral-scheer
cummings-class-destroyer
tigre-had
patriot-asoc-x-integration-variant
patriot-msq-104
jagdpanzer-38-t
m1138-stryker-ssv
su-24mr
ka-50-black-shark
jagdpanther
m106-mortar-carrier
sindhughosh
fh-901
saber
avic-nauru
su-100
s-400-duga
iai-taipod
m48-chaparral
ld-2000
patriot-msq-104e2
is-7
leopard-2a6
ah-1j-seacobra
tupolev-tu-22m-backfire
b-36-peacemaker
t-55a
j-11b
bmm-1
rajput-class
a-20-havoc
m60a3
bayraktar-kizilelma
t-10m
shivalik-class
patriot-an-tpy-2
uss-alabama-ssbn-731
m1064-mortar-carrier
s-500-fighter-variant
m10-general-sheridan
avic-caihong-3
mi-35-hind-e
rq-12a-wasp
mim-104a
borei-class-submarine
m1126-stryker-icv
stm-kargu
an-tps-43
tu-142
mig-31bm
h-6m
fv215b
bell-509-kingcobra
uss-davis-dd-65
sukhoi-su-75-checkmate
zumwalt-class-destroyer
m777-howitzer
m1074-joint-assault-bridge
b-88
standard-missile-6-sm-6
uss-alaska
patriot-m902-launcher
dji-phantom-4-rtk
m88a2-hercules
m1130-stryker-cv
spruance-class
z-9w
sukhoi-su-57
tu-20
m1134-anti-tank-guided-missile-vehicle
m1076-pls-dolly
georges-leygues-class
shahed-141
ka-52k-katran
wing-loong-ii
nns-aradu
m142-himars
norfolk-class
kolkata-class-destroyer
ch-5-rainbow
sagem-sperwer
m1129-mortar-carrier
northrop-xb-35
tupolev-oktyabr
f-16-block-70
convair-b-58-hustler
rb-47
m1068a3-carrier-command-post
northrop-yb-35
su-35s
ah-1t-seacobra
a-5-vigilante
type-052d-destroyer
ah-64a-apache
rq-170-sentinel
uss-bagley
dji-inspire-2
hal-prachand
benson-class
leopard-2av
m1116-hmmwv
type-052b-class
m1157-heavy-dump-truck
hero-400ec
an-spy-1
freedom-class
m41-walker-bulldog-recon-variant
patriot-advanced-capability-3-missile-segment-enhancement
patriot-gtss
seawolf
h-6e
s-400tpvm
iai-rotem-l
m1101-trailer
dassault-mirage-2000-5
uss-conyngham-dd-58
9k37-buk-m1
caig-wing-loong-1
pchela-1t
shrike-vtol
h-20
mim-104-patriot-with-m903-semr
s-400-triumf-sa-21-growler
tariq-class
mikoyan-mig-35
yasen
tu-20
skipjack
sargo
county-class-county-class-unmanned-aircraft-system
sikorsky-s-61t
allen-m-sumner-class
t-62a
northrop-yb-35
m985-heavy-expanded-mobility-tactical-truck
su-25sm
tupolev-tu-22m-backfire
baden-w-rttemberg-class
rim-66-standard
uj-25-skyline
chieftain-mk-10
m47-patton
amx-international-amx
a-12-avenger-ii
rq-170-sentinel
m1045-hmmwv-tow
a-20-havoc
zala-lancet-2
an-mpq-50
fcas-ngf
joint-light-tactical-vehicle
m10-general-sheridan
delta-iii
m1116-hmmwv
j-11bg
uss-alabama-ssbn-731
ssbn-project-667bdrm-delfin
zala-lancet-1
ec665-tigre
uss-maryland
nord-1500-griffon
m3-lee
mi-35m-super-hind
m41-walker-bulldog-recon-variant
kai-kf-21-boramae
patriot-an-mpq-65a-aesa
mim-104a
t-34-85-modernized
hero-400ec
s-400pve
s-400-tpm
m109-paladin
m26-pershing
of-40
iai-rotem-l
acv-15
m1135-nbcrv
tu-142
9k317m-buk-m3
seawolf
delta-ii
an-mpq-64f1
m24-chaffee
rq-16-mav
shrike-vtol
rim-161-standard
casc-rainbow
zumwalt-class-destroyer
k9-thunder
uss-conyngham-dd-58
hq-19
faran-uav
m59
steregushchiy-class
jouett-class-airship
j-31
a-29-hudson
uss-alaska
m1068-command-vehicle
hq-29-air-defense-system
mim-104-patriot-with-m903-semr
ka-52-alligator
m113
orlan-10
ch-53e-gunship-variant-super-stallion
t-90m
s-400tdv
pp-19b
z-9w
sokol-v-10
object-140
seadragon
m4-sherman
irbis-p
patriot-joint-tactical-ground-station-jtags
rq-35-heidrun
aerovironment-blackwing
georges-leygues-class
mim-72-chaparral
an-urc-119-v-3
mil-mi-40
skylark-i
flor-al-class
m56-scorpion
columbia
an-tpq-36
zala-lancet-3
uss-wyoming-ssbn-742
kolkata-class-destroyer
m1131-stryker-fsv
patriot-an-tvs-3
sukhoi-su-30mki
aw129d-mangusta
fv4202
kora-class
patriot-m901-launching-station-w-pac-2
tariq-class
penetrating-counter-air-pca-platform
f-16-block-70
