uss-gerald-r-ford-cvn-78 | MISSING MODEL
general-atomics-mq-9a-reaper | MISSING MODEL
s-500-prometheus | MISSING MODEL
harley-davidson-model-j-2026 | MISSING MODEL
mercedes-benz-e-450-4matic-2026 | MISSING MODEL
classified | MISSING MODEL
harley-davidson-fat-boy-2026 | MISSING MODEL
mercedes-benz-s-class-s-580-4matic | MISSING MODEL
kia-sportage-ex | MISSING MODEL
 | MISSING MODEL
honda-hr-v-2026 | MISSING MODEL
2026-fia-formula-one-power-unit | MISSING MODEL
harley-davidson-fat-boy-2026 | MISSING MODEL
hyundai-ioniq-9 | MISSING MODEL
ariane-6 | MISSING MODEL
mitsubishi-l300-modern-puv-class-1 | MISSING MODEL
harley-davidson-street-glide-2026 | MISSING MODEL
bmw-i3-50-xdrive | MISSING MODEL
 | MISSING MODEL
mercedes-benz-v-class-vision-v-2026 | MISSING MODEL
ford-model-t-2026-ev | MISSING MODEL
classified | MISSING MODEL
uss-gerald-r-ford-cvn-78 | MISSING MODEL
general-atomics-mq-9a-reaper | MISSING MODEL
s-500-prometheus | MISSING MODEL
honda-hr-v-2026 | MISSING MODEL
2026-fia-formula-one-power-unit | MISSING MODEL
kia-sportage-ex | MISSING MODEL
ariane-6 | MISSING MODEL
hyundai-ioniq-9 | MISSING MODEL
ford-model-t-2026-ev | MISSING MODEL
mitsubishi-l300-modern-puv-class-1 | MISSING MODEL
m1e3-abrams | MISSING MODEL
