leopard-1a2
leopard-1a4
leopard-1
leopard-2
denel-rooivalk
kora-class
zala-lancet-3
uss-wyoming-ssbn-742
akizuki-class
m1131-stryker-fsv
an-urc-119-v-3
mil-mi-40
leclerc
uss-cassin
ah-2-rooivalk
penetrating-counter-air-pca-platform
phoenix-ghost
patriot-an-tvs-3
sukhoi-su-30mki
advanced-anti-radiation-guided-missile-aargm
merkava-mk-3
kasturi-class
uss-winslow-dd-53
m6-linebacker
sokol-s-65
m-84as
m1114-up-armored-humvee
s-400pm
matsu-class
al-zarrar
tr-85
m1086-fmtv
s-400aatvm
rb-57-canberra
virginia
vt-4
sukhoi-s-70-okhotnik-b
uj-25-sky-raider
pt-91-twardy
f-a-18f-super-hornet
patriot-an-mpq-46
t-64
uj-45-firebird
conqueror
boeing-b-50-superfortress
jh-7a
rg-31-nyala
centurion
j-16d
george-washington
m1100-trailer
b-17-flying-fortress
mikoyan-skat
lockheed-pv-1-ventura
m1-abrams
stridsvagn-103
forrest-sherman-class
bell-uh-1y-venom
b-24-liberator
xq-58a-valkyrie
standard-missile-3
regulus-i-regulus
orbiter-1x
t-62a
mi-28-havoc
bzk-005
uss-parche-ssn-683
uss-gridley-dd-380
zala-lancet
j-10b
m47-patton
ka-52
m88-hercules
tu-95ms
type-99a2
uss-ohio
mahan-class
moudge-class-frigate
fc-31
m46-patton
uss-tennessee-ssbn-734
littoral-combat-ship-lcs
m998-humvee
douglas-a-3-skywarrior
uss-tucker-dd-374
m3-lee
bqm-34-firebee
sukhoi-su-24
mikoyan-mig-31
zala-lancet-5
f-22-raptor
m26-pershing
egpe
su-34
m1102-trailer
akula-class-submarine
sagem-patroller
nilgiri-class
m24-chaffee
mq-8-fire-scout
najin-class
caig-wing-loong-2
s-70i-black-hawk-gunship
tu-16k
chieftain-mk-10
mim-104d-pac-2-gem
yakovlev-yak-130-ucav
m59
casc-ch-901
m1059-smoke-generator
type-63-amphibious-tank
fcas-ngf
tcs-lite
m113
rq-14-dragon-eye
z-10
amx-30
eurofighter-typhoon
uss-maryland
oscar-i
m4-sherman
s-400dve
m1081-lmtv
arleigh-burke-class-destroyer
patriot-radar-set-an-mpq-53
s-400-anti-airballistic-missile-system
s-400pve
mitscher-class-destroyer
m56-scorpion
jh-7
s-400advm
visby-class
delta-ii
patriot-launching-station-m901
zbd-04a
fv4202
standard-missile-2-sm-2
ee-t1-os-rio
h-6
su-27sm
mig-29k
faran-uav
leopard-2a5
fv4201-chieftain
m48-patton
nongo-class
tachibana-class
an-urc-119
rim-66-standard
hq-29-air-defense-system
korsar-attack-mode
btr-3e-90
bayraktar-quadcopter-1
archer
horizon-class
zala-lancet-2
object-140
m3-bradley-cfv
patriot-m907-trailer
b-25-mitchell
gripen-ng
dji-mavic-3t
ec665-tigre
northrop-grumman-b-21-raider
rq-5-hunter
an-ttc-40
baden-w-rttemberg-class
f-15e-strike-eagle
m109a7-paladin
nautilus
s-300pmu1
s-400aatdvm
su-30mka
tullibee
bayraktar-tb3
sokol-v-10
ka-52-alligator
ch-53e-gunship-variant-super-stallion
chengdu-j-10c
patriot-advancedcapability-2-pac-2
patriot-m903-integrated-fire-control
sk-105-k-rassier
seadragon
an-tps-80
patriot-joint-tactical-ground-station-jtags
jh-9a
s-400-air-defense-missile-system
type-88
tu-22kd
challenger-1
orlan-10
patriot-oe-349g
m1088-hemtt
tu-95k
m60-patton
type-96
dji-phantom-4-rtk
mig-31bm
orlan-10
leopard-1a1
northrop-xb-35
fb-111-aardvark
shahed-141
ah-1t-seacobra
uss-rhode-island
khukri-class
benson-class
mq-9-reaper
m1a2-abrams
northrop-yb-35
hal-prachand
bqm-167-skeeter
patriot-cite-ii
an-spy-1
nord-1500-griffon
leopard-1a4
columbia
rq-170-sentinel
mim-146-hawk
uss-nevada
m1157-heavy-dump-truck
h-6e
patriot-pac-2
mi-28ne-export-version
leopard-2
patriot-m901-launching-station-w-pac-2
m1116-hmmwv
patriot-m903-launching-station
su-35s
patriot-gtss
ah-249
asashio-class
9k37-buk-m1
ulsan-class
boeing-b-47-stratojet
leopard-2a4
denel-rooivalk
m41-walker-bulldog-recon-variant
ah-1z-viper
uss-bagley
pp-19a
dassault-mirage-2000-5
nasams-3
s-400-triumf-sa-21-growler
euro-hawk
leopard-1a3
uss-cassin
iai-rotem-l
narwhal-ssn-671
type-052b-class
h-20
anka-3k
bayraktar-quadcopter-2
challenger-1
advanced-anti-radiation-guided-missile-aargm
shrike-vtol
tullibee
patriot-advanced-capability-3-missile-segment-enhancement
surveyor
oshkosh-fmtv
sk-105-k-rassier
m109-paladin
s-400-tpm
t-72a
m1114-up-armored-humvee
saab-jas-39-gripen-e
aerovironment-wasp-ae
patriot-m903-integrated-fire-control
flor-al-class
tu-22kd
t-64bv
ch-53e-gunship-variant-super-stallion
s-300pmu
pchela-1t
patriot-an-tvs-5
chukavin-uav
iai-harpy
f-a-18e-super-hornet
uss-mahan-dd-102
challenger-2
f-a-18f-super-hornet
patriot-joint-tactical-ground-station-jtags
m985-heavy-expanded-mobility-tactical-truck
bayraktar-tb3
s-400atpvem
patriot-engagement-control-station-ecs
skipjack
zala-tachyon
t-72ba
rg-31-nyala
an-tpq-36
patriot-advancedcapability-2-pac-2
rq-20-puma
a129-mangusta
cassin-class
kamorta-class-corvette
yb-49
t-72b3
kora-class
jh-9a
rq-180
cummings-class-destroyer
bmm-2
an-mpq-64f1
m1043-hmmwv-tow
t-72m1
ah-2-rooivalk
kai-kf-21-boramae
palletized-load-system
s-400
su-24mr
an-twq-1-avenger
aerovironment-jump-20
t-72
douglas-db-7
kasturi-class
m1135-nbcrv
bayraktar-tb1
zala-lancet
h-6k
an-spg-62
ah-6m-attack-helicopter
t-72m4cz
rim-161-standard
s-400pm
uss-georgia
9k330-tor-m1
rim-24-tartar
patriot-msq-104e2
mahan-class
patriot-an-mpq-39
ethan-allen
t-72b
su-30sm
s-400aatvm
bzk-005
m1ip
b-36-peacemaker
scaneagle
douglas-a-3-skywarrior
m1134-stryker-atgm
t-80bv
m903-w-pac-3-missile-segment
patriot-an-mpq-46
izdeliye-30
t-90m
tu-95ms
m60a3
eleron-10
f-22-raptor
mitsubishi-f-2
hq-19
t-80u
b-32-dominator
j-16d
uss-tennessee-ssbn-734
su-25sm
m1064-mortar-carrier
aksungur-kamikaze-payload
nilgiri-class
m1097-heavy-hmmwv
zala-lancet-3
t-14-armata
tr-125
forrest-sherman-class
m1045-hmmwv-tow
mikoyan-mig-31
rq-12a-wasp
patriot-an-frc-119
mim-104d-pac-2-gem
su-33
t-90a
m1126-stryker-rv
panavia-tornado-ecr
ssbn-project-667bdrm-delfin
akula-class-submarine
sukhoi-su-75-checkmate
tcs-lite
sachsen-class
type-59-ii
s-400-triumf
b-57-canberra
patriot-an-mpq-65a-aesa
s-70i-black-hawk-gunship
patriot-m902-launcher
ch-802
oscar-i
patriot-an-mpq-53-v
type-59-i
tu-16sp
qiang-hong-3
matsu-class
sukhoi-su-57
t-44
mitscher-class-destroyer
j-10b
ka-52-alligator
eads-barracuda
type-59-iia
zulfiquar-class
sealion-ii
m1086-fmtv
casc-rainbow
amx-30
ka-52k-katran
zbd-04a
moudge-class-frigate
type-69-ii
aerovironment-pocket-falcon
a-29-hudson
patriot-radar-set-an-mpq-53
ch-5-rainbow
leopard-2a5
uss-tucker-dd-374
type-79
s-400p
george-washington
s-400tdv
visby-class
convair-b-58-hustler
zala-kub-m
korsar-attack-mode
type-88a
m1126-stryker
hal-rudra
bell-uh-1y-venom
aerovironment-blackwing
su-27sm
a-5-vigilante
thresher
patriot-m907-trailer
eleron-3
rq-21-blackjack
uss-wyoming-ssbn-742
an-urc-119
uss-parche-ssn-683
amx-32
northrop-grumman-b-21-raider
yakovlev-yak-130-ucav
seadragon
fl-3000n
type-69
m1082-lmtv-trailer
m1089-hemtt-wrecker
penetrating-counter-air-pca-platform
horizon-class
type-99a2
t95-medium-tank
type-88b
f-15se-silent-eagle
pac-3
s-400dv
littoral-combat-ship-lcs
mh-6m-little-bird
s-400-triumph
type-99
orizzonte-class
tu-85
baden-w-rttemberg-class
north-american-aj-savage
sina-class
type-99a
tu-95-bear
mq-25-stingray
pt-76-floating-tank
orbiter-2
rb-57-canberra
an-mpq-50
sagem-patroller
f-16v
m1123-hmmwv
merkava-mk-1
uss-benham
ah-56-cheyenne
zala-lancet-1
tu-16k
an-tps-59
skylark-i
hal-tejas-mk1a
m1-abrams
merkava
sikorsky-s-67-blackhawk
m1100-trailer
uss-porter-dd-978
type-63-amphibious-tank
t-34-85-modernized
uss-nebraska
s-400aatvem
m1070-het
victor-i
bayraktar-tb2
b-24-liberator
9k317m-buk-m3
eurofighter-typhoon
uss-dunlap-class-destroyer
patriot-ecs-oe-349
uss-tingey-dd-53
leopard-1
leclerc
playstation-2
lockheed-p2v-neptune
k9-thunder
forpost
eads-harfang
s-400-atvm-s
hq-29-air-defense-system
allen-m-sumner-class
al-zarrar
s-400-tdvem
object-140
patriot-configuration-3-pac-3-cri
amx-international-amx
ka-52
virginia
sa-ar-6-class
mil-mi-40
delta-iii
s-400tpvm
spruance-class
mim-104a
kazan-class-yasen-m
caig-wing-loong-1
faran-uav
tu-142
halibut-uss-ssgn-587
sukhoi-su-30mki
su-30mka
sealion
s-70-okhotnik
zumwalt-class-destroyer
sokol-s-65
uss-alaska
rim-7-sea-sparrow
an-tps-80
ch-901
z-9w
sepecat-jaguar
uj-25-sky-raider
northrop-grumman-x-47b
buk-m2
georges-leygues-class
sperwer-x
boeing-b-50-superfortress
boeing-airpower-teaming-system
bremen-class
kolkata-class-destroyer
aerovironment-black-hornet-3
lockheed-pv-1-ventura
m1088-hemtt
orlan-30
f-16-block-70
b-52-stratofortress
t-80b
f-15e-strike-eagle
patriot-an-mpq-47
patriot-pac-3
j-11b
zala-421-08
hq-9
bayraktar-kizilelma
m46-patton
rq-4-global-hawk
s-500-fighter-variant
al-jubail-class
sukhoi-su-24
borei-class-submarine
neuron
m88-hercules
su-34
s-400-anti-airballistic-missile-system
h-6m
najin-class
mi-35m-super-hind
pp-19b
m777-howitzer
patriot-launching-station-m901
of-40
casc-ch-901
mim-72-chaparral
mig-29k
rq-14-dragon-eye
m1131-stryker-fsv
m1102-trailer
rim-66-standard
wing-loong-ii
steregushchiy-class
m1081-lmtv
caig-wing-loong-2
zala-lancet-2
sagem-sperwer
leopard-1a2
m1059-smoke-generator
m6-linebacker
ec665-tigre
rb-47
z-10
ee-t1-os-rio
type-052d-destroyer
nongo-class
arleigh-burke-class-destroyer
vt-4
seawolf
merkava-mk-3
btr-3e-90
s-300pmu1
uss-maine
hongqi-16fe
m3-bradley-cfv
akizuki-class
chengdu-j-10c
firebird
phoenix-ghost
s-400-air-defense-missile-system
m109a7-paladin
m7-bfist
m24-chaffee
orlan-10-kamikaze-mod
an-mpq-65
night-hunter
m59
uss-west-virginia
s-400aadvem
type-096
s-400dve
m113
daring-class
s-400pv
jh-7
m4-sherman
admiral-scheer
an-mpq-65-radar-set
t129-atak
m56-scorpion
standard-missile-2-sm-2
rq-9a-reaper
m1138-stryker-ssv
tigre-had
fv4202
m48-patton
s-400aadm
ka-50-black-shark
m-84as
fv4201-chieftain
bayraktar-quadcopter-1
caig-wing-loong-10
m48-chaparral
uss-gridley-dd-380
tr-85
b-25-mitchell
patriot-electric-power-plant-ppp-19
tupolev-tu-22m-backfire
uss-ohio
pt-91-twardy
rq-5-hunter
m998-humvee
a-20-havoc
centurion
m1074-joint-assault-bridge
nautilus
uss-alabama-ssbn-731
t-72m
zala-lancet-5
stridsvagn-103
m88a2-hercules
s-400tdm
wz-122
t-54
m1134-anti-tank-guided-missile-vehicle
type-054a-b
patriot-asoc-x-integration-variant
chieftain-mk-10
t-62
m142-himars
sindhughosh
fcas-ngf
t-55
mikoyan-mig-35
iai-taipod
uss-maryland
m41-walker-bulldog
m1068a3-carrier-command-post
patriot-msq-104
ah-1j-seacobra
s-400pve
amx-40
m106-mortar-carrier
rajput-class
m551-sheridan
delta-ii
s-400-duga
leopard-2av
patriot-an-tpy-2
type-62-light-tank
freedom-class
leopard-2a6
conqueror
m103
bmm-1
an-tps-43
fv101-scorpion
bell-509-kingcobra
standard-missile-3
object-187
mi-35-hind-e
standard-missile-6-sm-6
hal-lch
pt-76
stm-kargu
t-64a
wz-111
uss-davis-dd-65
an-tps-75
s-400aatdvem
jagdpanzer-iv
b-88
mi-24-hind
kanonenjagdpanzer
m1130-stryker-cv
uss-narwhal-ssn-671
pohang-class
jagdpanzer-38-t
fm-3000
jagdpanther
patriot-training-simulator-tss
nns-aradu
yasen
m1113-expanded-capacity-vehicle
su-100
iui-harpy-ng
is-7
tu-22-blinder
triumf
b-36g
charles-f-adams-class
t-10m
orbiter-1x
mi-28-havoc
hyman-g-rickover
gowind-class
t-62a
9k720-iskander-m
gearing-class-destroyer
m47-patton
fc-31
patriot-communications-relay-group-crg
de-grasse-class
t34-heavy-tank
bqm-34-firebee
m60a1
s-400advm
daegu-class
m3-lee
egpe
fubuki-class-destroyer
h-6
uj-25-skyline
m26-pershing
mq-8-fire-scout
constellation-class
tachibana-class
mi-6
joint-light-tactical-vehicle
uss-conyngham-dd-58
aw129d-mangusta
bozdo-an-merlin
dji-mavic-3t
mim-104-patriot-with-m903-semr
b-2-spirit
babur-class-cruise-missile
an-ttc-40
sokol-v-10
tai-anka-3
carabiniere-class
an-urc-119-v-3
s-400aatdvm
b-1b-lancer
patriot-oe-349g
patriot-an-tvs-3
orion-e
uss-winslow-dd-53
ah-64b-apache-proposed
uss-farragut-dd-300
hq-16
tai-anka
sukhoi-s-70-okhotnik-b
jh-7a
s-400tpve
archer
b-66-destroyer
mikoyan-skat
iai-harop
gripen-ng
patriot-configuration-2
regulus-i-regulus
s-300ps
type-88
tai-anka-3-loitering-variant
patriot-m901-w-pac-3
t-80uk
a2d-skyshark
j-11bg
an-mpq-53
uss-kentucky
warrington-class
choe-yeong-class
uj-45-firebird
b-17-flying-fortress
rim-156-standard
xq-58a-valkyrie
newport
t-64
azmat-class
type-59
mim-104-patriot
mi-28n
uss-pennsylvania-ssbn-735
trident
uss-cushing-dd-55
zala-gyrfalcon
piper-pa-20-pacer
f-15ex-eagle-ii
harbin-z-19
type-052-class
patriot-an-tvs-4
su-35
tu-160-blackjack
s-400dm
aegis-combat-system
rim-67-standard-missile
mi-25-hind-d
uss-sampson
mim-23-hawk
dassault-rafale
uss-rowan-dd-64
t77
o-brien-class-destroyer
trishul-class
type-051c-class
t-90
hero-30
luna-x-2000
m1025a2-hmmwv
