tai-anka-3
bremen-class
b-32-dominator
fv4201-chieftain
jh-9a
uss-conyngham-dd-58
s-400atpvem
btr-3e-90
tr-125
9k37-buk-m1
orlan-30
rq-20-puma
palletized-load-system
m3-bradley-cfv
mim-104-patriot-with-m903-semr
s-400-triumf-sa-21-growler
panavia-tornado-ecr
patriot-an-mpq-47
rq-180
sokol-v-10
bagley-class
m1126-stryker-icv
orbiter-3
uss-georgia
s-400
hero-120
sk-105-k-rassier
m109a7-paladin
tu-16sp
ka-52
patriot-an-tvs-3
m1ip
zulfiquar-class
skylark-iii
tu-22kd
m46-patton
izdeliye-30
9k330-tor-m1
m1074-joint-assault-bridge
aerovironment-pocket-falcon
sukhoi-su-24
su-25sm
m88a2-hercules
s-400p
ch-3a
su-34
tu-95ms
m1045-hmmwv-tow
sukhoi-s-70-okhotnik-b
kamorta-class-corvette
m1134-anti-tank-guided-missile-vehicle
najin-class
ssbn-project-667bdrm-delfin
uss-tennessee-ssbn-734
jh-7a
rq-21-blackjack
m142-himars
casc-ch-901
ch-803
patriot-an-mpq-65a-aesa
mikoyan-mig-31
an-twq-1-avenger
m1082-lmtv-trailer
akula-class-submarine
regulus-i-regulus
zala-lancet
m1129-mortar-carrier
m1068a3-carrier-command-post
m1081-lmtv
casc-rainbow
type-88
s-70i-black-hawk-gunship
mahan-class
orizzonte-class
a-29-hudson
ah-64a-apache
paulding-class
douglas-a-3-skywarrior
ada-class
mq-25-stingray
gj-11-sharp-sword
ee-t1-os-rio
leopard-2av
s-400tdv
amx-30
f-22-raptor
freedom-class
nongo-class
aerovironment-blackwing
patriot-radar-set-an-mpq-53
an-mpq-53
nilgiri-class
s-400tpvm
sikorsky-s-67-blackhawk
archer
uss-wyoming-ssbn-742
visby-class
caig-wing-loong-1
warrington-class
mim-104d-pac-2-gem
penetrating-counter-air-pca-platform
gripen-ng
su-27sm
choe-yeong-class
tcs-lite
su-30mka
playstation-2
an-urc-119
oscar-i
z-19e
patriot-training-simulator-tss
harbin-z-10me
j-20
s-300pmu1
horizon-class
rim-156-standard
mitscher-class-destroyer
an-tps-80
rq-7-shadow
chengdu-j-10c
z-11wb
rb-57-canberra
newport
tu-22-blinder
zbd-04a
s-400-air-defense-missile-system
baden-w-rttemberg-class
northrop-grumman-x-47b
type-59
k1a1
boeing-airpower-teaming-system
leopard-2a5
triumf
m7-bfist
an-mpq-50
m1100-trailer
mi-28n
korsar-attack-mode
m1088-hemtt
orbiter-1x
b-24-liberator
fb-111-aardvark
zala-lancet-1
t-80b
patriot-m907-trailer
m1132-esv
lockheed-p2v-neptune
t-34-85-modernized
northrop-grumman-b-21-raider
an-upg-49
fc-31
zala-421-08
uss-florida
mim-146-hawk
9k317m-buk-m3
forpost
bqm-34-firebee
chieftain
patriot-m903-launching-station
uj-22-airborne
rq-4-global-hawk
harbin-z-19
s-400-triumph
k9-thunder
ah-1z-viper
egpe
vn1
mi-28-havoc
sina-class
su-35
al-jubail-class
m1068-command-vehicle
mq-8-fire-scout
narwhal-ssn-671
m88-hercules
pp-19b
tu-160-blackjack
neuron
m1123-hmmwv
utap-22-mako
mim-72-chaparral
an-msq-104-v-2
uss-sampson
allen-m-sumner-class
bergamini-class
hal-tejas-mk1a
nbs
m1131-stryker-fsv
saab-jas-39-gripen-e
dassault-rafale
amx-international-amx
s-400aatvem
s-300pmu
m1102-trailer
khukri-class
t29
delta-iii
patriot-ecs-oe-349
s-400dve
m985-heavy-expanded-mobility-tactical-truck
j-16
m6-linebacker
an-tps-75
patriot-cite-ii
jh-7
mi-35m-super-hind
m1059-smoke-generator
a-12-avenger-ii
patriot-pac-2
caig-wing-loong-2
switchblade-600
of-40
t30
j-11bg
standard-missile-2-sm-2
z-10
asashio-class
vt-4
pohang-class
m48-patton
kai-kf-21-boramae
rq-16-mav
conqueror
arleigh-burke-class-destroyer
steregushchiy-class
nasams-3
hongqi-16fe
m1135-nbcrv
s-400advm
bayraktar-quadcopter-1
anka-3k
firebird
orlan-10
b-25-mitchell
h-6
rim-161-standard
oshkosh-fmtv
standard-missile-3
rq-5-hunter
tachibana-class
irbis-p
hal-lch
j-31
m1113-expanded-capacity-vehicle
nautilus
m1137-stryker-atgm
t-90m
columbia
t-64a
fl-3000
chukavin-uav
euro-hawk
s-400tdm
patriot-m901-launching-station-w-pac-2
type-96
dji-mavic-3t
s-400aatdvem
skipjack
type-054a-b
denel-rooivalk
zala-tachyon
an-ttc-40
cassin-class
mi-24-hind
uss-cassin
patriot-an-mpq-39
rq-35-heidrun
tu-95k
zala-lancet-3
uss-narwhal-ssn-671
s-400aatdvm
bmm-2
sachsen-class
advanced-anti-radiation-guided-missile-aargm
corvette-140
patriot-oe-349g
fm-3000
tariq-class
m1114-up-armored-humvee
permit-class-submarine
mikoyan-mig-35
dji-agras-t30
yasen
ah-64b-apache-proposed
bayraktar-tb1
uss-o-brien-dd-415
tu-95-bear
matsu-class
patriot-msq-104
uss-farragut-dd-300
iui-harpy-ng
rim-24-tartar
ah-64e-apache-guardian
m106-mortar-carrier
f-a-18f-super-hornet
m1086-fmtv
tai-anka
lawrence-class-submarine
scaneagle
charles-f-adams-class
rg-31-nyala
s-400tpve
s-400-duga
eleron-10
t-64
b-36g
gowind-class
george-washington
leopard-2a6
b-66-destroyer
hyman-g-rickover
aksungur-kamikaze-payload
bqm-168
gearing-class-destroyer
bmm-1
bell-uh-1y-venom
patriot-configuration-2
9k720-iskander-m
de-grasse-class
patriot-an-frc-119
douglas-db-7
rq-23-tiger-shark
tai-anka-3-loitering-variant
shivalik-class
aerovironment-raven-b
daegu-class
t34-heavy-tank
ah-6m-attack-helicopter
fl-3000n
ch-3-rainbow
mi-35-hind-e
kazan-class-yasen-m
ch-802
patriot-m901-w-pac-3
uj-25-skyline
stm-kargu
su-30sm
s-400dv
halibut-uss-ssgn-587
t-80uk
t-44
joint-light-tactical-vehicle
uss-davis-dd-65
m903-w-pac-3-missile-segment
a2d-skyshark
s-70-okhotnik
mh-6m-little-bird
nord-1500-griffon
type-59-ii
b-88
orbiter-2
an-tps-78
uss-kentucky
s-400-tpm
type-59-i
wing-loong-i
rim-7-sea-sparrow
ah-56-cheyenne
uss-maine
zala-kub-m
an-mpq-64f1
s-400-atvm-s
type-59-iia
uss-porter-dd-978
thresher
m1076-pls-dolly
patriot-configuration-3-pac-3-cri
hq-19
nns-aradu
m1070-het
amx-32
type-79
northrop-xb-35
seadragon
benham-class
t95-medium-tank
northrop-yb-35
type-88a
uss-pennsylvania-ssbn-735
al-zarrar
sperwer-x
skylark-i
uss-cushing-dd-55
rq-170-sentinel
virginia
aerovironment-black-hornet-3
north-american-aj-savage
braunschweig-class
type-69
m1116-hmmwv
uj-45-firebird
aw129d-mangusta
brandenburg-class
f-16v
piper-pa-20-pacer
type-88b
m41-walker-bulldog-recon-variant
an-tps-59
b-17-flying-fortress
patriot-pac-3
b-2-spirit
type-052-class
type-99
iai-rotem-l
xq-58a-valkyrie
hq-9
uss-nebraska
carabiniere-class
type-99a
shrike-vtol
azmat-class
uss-rhode-island
s-400dm
uss-dunlap-class-destroyer
merkava-mk-1
b-1b-lancer
rim-67-standard-missile
bqm-167-skeeter
mim-104-patriot
jouett-class-airship
night-hunter
orion-e
s-400-tdvem
ch-53e-gunship-variant-super-stallion
merkava
uss-nevada
type-096
patriot-joint-tactical-ground-station-jtags
ah-249
s-400pv
sejong-the-great-class
hq-16
uss-rowan-dd-64
an-mpq-68
an-tpq-36
t129-atak
boeing-b-47-stratojet
merkava-mk-3
kora-class
f-15ex-eagle-ii
bayraktar-quadcopter-2
o-brien-class-destroyer
uss-mahan-dd-102
trishul-class
m-84as
ah-2-rooivalk
patriot-an-tvs-4
surveyor
mq-9-reaper
ka-50-black-shark
kasturi-class
aerovironment-wasp-ae
aegis-combat-system
t-90
uss-gridley-dd-380
pt-91-twardy
s-400pm
mi-25-hind-d
patriot-an-tvs-5
black-hornet-2
uss-ohio
centurion
mi-28ne-export-version
s-400aatvm
luna-x-2000
mim-23-hawk
ulsan-class
patriot-engagement-control-station-ecs
m998-humvee
stridsvagn-103
orlan-10-kamikaze-mod
t77
patriot-an-mpq-46
a129-mangusta
zala-lancet-5
j-16d
uss-west-virginia
cummings-class-destroyer
sigma-class-corvette
caic-wz-5
forrest-sherman-class
t-62
type-051c-class
su-24mr
chieftain-mk-10
aerovironment-ghost
m109-paladin
t-55
m1126-stryker-rv
hero-30
an-mpq-65-radar-set
fcas-ngf
flor-al-class
m41-walker-bulldog
saber
b-57-canberra
rq-9a-reaper
patriot-msq-104e2
uss-maryland
amx-40
f-a-18e-super-hornet
dji-matrice-300-rtk
qiang-hong-3
s-400aadm
b-36-peacemaker
wz-111
challenger-1
buk-m2
z-9w
patriot-advanced-capability-3-missile-segment-enhancement
patriot-m902-launcher
benson-class
jagdpanzer-iv
sargo
t-72a
m1130-stryker-cv
eads-harfang
sukhoi-su-57
georges-leygues-class
s-400pve
m1101-trailer
an-spy-1
t-64bv
kanonenjagdpanzer
rim-116-rolling-airframe-missile
rq-14-dragon-eye
pchela-1t
sealion-ii
kolkata-class-destroyer
delta-ii
ka-52k-katran
yakovlev-yak-130-ucav
challenger-2
jagdpanzer-38-t
h-6e
uss-tingey-dd-53
bayraktar-tb3
county-class-county-class-unmanned-aircraft-system
ch-5-rainbow
f-16-block-70
iai-harpy
jagdpanther
faran-uav
t-72ba
caig-wing-loong-10
ah-1t-seacobra
hq-29-air-defense-system
t-72b3
su-100
hal-rudra
meko-a-200
patriot-electric-power-plant-ppp-19
hal-prachand
object-140
t-72m1
a-5-vigilante
eleron-3
m1157-heavy-dump-truck
uss-parche-ssn-683
alps-class
mil-mi-40
t-72
m1089-hemtt-wrecker
type-99a2
t-72m
patriot-gtss
ka-52-alligator
t-72m4cz
sukhoi-su-30mki
t-10m
wz-122
akizuki-class
pac-3
dassault-mirage-2000-5
littoral-combat-ship-lcs
ethan-allen
sokol-s-65
t-72b
tu-85
t-62a
patriot-asoc-x-integration-variant
h-20
t-80bv
m47-patton
dji-inspire-2
sindhughosh
pt-76-floating-tank
tullibee
trident
sagem-patroller
t-80u
uj-25-sky-raider
uss-benham
iai-taipod
m10-general-sheridan
patriot-m903-integrated-fire-control
tu-16k
boeing-b-50-superfortress
t-14-armata
ah-1j-seacobra
m3-lee
type-63-amphibious-tank
m1025a2-hmmwv
iai-harop
lockheed-pv-1-ventura
akinci
bayraktar-tb2
m26-pershing
rajput-class
t-90a
an-mpq-65
eurofighter-typhoon
yb-49
type-69-ii
f-15e-strike-eagle
m24-chaffee
patriot-an-tpy-2
s-400aadvem
s-400-anti-airballistic-missile-system
w-3pl-g-uszec
j-11b
m1043-hmmwv-tow
fremm-frigate
daring-class
patriot-communications-relay-group-crg
patriot-launching-station-m901
aerovironment-jump-20
bayraktar-kizilelma
m1-abrams
an-tps-43
m60a1
admiral-scheer
mig-29k
vickers-main-battle-tank
h-6k
leclerc
fubuki-class-destroyer
m4-sherman
bell-509-kingcobra
m1138-stryker-ssv
rim-66-standard
sa-ar-6-class
borei-class-submarine
an-spg-62
tr-85
s-500-fighter-variant
constellation-class
leopard-1
m56-scorpion
standard-missile-6-sm-6
zala-lancet-2
sepecat-jaguar
fh-901
m1134-stryker-atgm
t-54
fv4202
h-6m
leopard-1a2
mi-6
spruance-class
m48-chaparral
ec665-tigre
mitsubishi-f-2
m777-howitzer
b-52-stratofortress
m551-sheridan
leopard-1a1
bozdo-an-merlin
shahed-141
pp-19a
dji-phantom-4-rtk
tupolev-tu-22m-backfire
m1097-heavy-hmmwv
type-62-light-tank
m1a2-abrams
babur-class-cruise-missile
s-400-triumf
a-20-havoc
seawolf
norfolk-class
m60a3
m103
su-33
m1126-stryker
leopard-1a4
tu-20
uss-alabama-ssbn-731
m1064-mortar-carrier
ise-class-destroyer
an-urc-119-v-3
tupolev-oktyabr
wing-loong-ii
m60-patton
s-300ps
f-15se-silent-eagle
su-35s
an-mpq-64-sentinel
leopard-2
rq-12a-wasp
uss-winslow-dd-53
mim-104a
sagem-sperwer
fv101-scorpion
patriot-an-mpq-53-v
leopard-2a4
sealion
uss-bagley
tu-142
rq-2-pioneer
mikoyan-skat
mig-31bm
object-187
rb-47
j-10b
victor-i
leopard-1a3
type-052b-class
sukhoi-su-75-checkmate
zumwalt-class-destroyer
type-052d-destroyer
moudge-class-frigate
ch-901
pt-76
tigre-had
uss-alaska
uss-tucker-dd-374
